<?xml version="1.0" encoding="UTF-8"?>
<testsuite xmlns:xsi="http://www.w3.org/2001/XMLSchema-instance" xsi:noNamespaceSchemaLocation="https://maven.apache.org/surefire/maven-surefire-plugin/xsd/surefire-test-report-3.0.xsd" version="3.0" name="com.prodify.cqrs.OrderService.command.aggregate.OrderAggregateTest" time="0.088" tests="2" errors="0" skipped="0" failures="0">
  <properties>
    <property name="java.specification.version" value="22"/>
    <property name="sun.jnu.encoding" value="UTF-8"/>
    <property name="java.class.path" value="/Users/prasannakumardeep/IdeaProjects/MicroservicesSpringKafka/OrderService/target/test-classes:/Users/prasannakumardeep/IdeaProjects/MicroservicesSpringKafka/OrderService/target/classes:/Users/prasannakumardeep/IdeaProjects/MicroservicesSpringKafka/CommonService/target/CommonService-0.0.1-SNAPSHOT.jar:/Users/prasannakumardeep/.m2/repository/org/springframework/kafka/spring-kafka/3.1.4/spring-kafka-3.1.4.jar:/Users/prasannakumardeep/.m2/repository/org/springframework/spring-context/6.1.6/spring-context-6.1.6.jar:/Users/prasannakumardeep/.m2/repository/org/springframework/spring-aop/6.1.6/spring-aop-6.1.6.jar:/Users/prasannakumardeep/.m2/repository/org/springframework/spring-beans/6.1.6/spring-beans-6.1.6.jar:/Users/prasannakumardeep/.m2/repository/org/springframework/spring-expression/6.1.6/spring-expression-6.1.6.jar:/Users/prasannakumardeep/.m2/repository/org/springframework/spring-messaging/6.1.6/spring-messaging-6.1.6.jar:/Users/prasannakumardeep/.m2/repository/org/springframework/spring-tx/6.1.6/spring-tx-6.1.6.jar:/Users/prasannakumardeep/.m2/repository/org/springframework/retry/spring-retry/2.0.5/spring-retry-2.0.5.jar:/Users/prasannakumardeep/.m2/repository/io/micrometer/micrometer-observation/1.12.5/micrometer-observation-1.12.5.jar:/Users/prasannakumardeep/.m2/repository/io/micrometer/micrometer-commons/1.12.5/micrometer-commons-1.12.5.jar:/Users/prasannakumardeep/.m2/repository/com/google/code/findbugs/jsr305/3.0.2/jsr305-3.0.2.jar:/Users/prasannakumardeep/.m2/repository/org/apache/kafka/kafka-clients/3.6.2/kafka-clients-3.6.2.jar:/Users/prasannakumardeep/.m2/repository/com/github/luben/zstd-jni/1.5.5-1/zstd-jni-1.5.5-1.jar:/Users/prasannakumardeep/.m2/repository/org/lz4/lz4-java/1.8.0/lz4-java-1.8.0.jar:/Users/prasannakumardeep/.m2/repository/org/xerial/snappy/snappy-java/1.1.10.5/snappy-java-1.1.10.5.jar:/Users/prasannakumardeep/.m2/repository/org/slf4j/slf4j-api/2.0.13/slf4j-api-2.0.13.jar:/Users/prasannakumardeep/.m2/repository/org/axonframework/axon-spring-boot-starter/4.9.3/axon-spring-boot-starter-4.9.3.jar:/Users/prasannakumardeep/.m2/repository/org/axonframework/axon-spring-boot-autoconfigure/4.9.3/axon-spring-boot-autoconfigure-4.9.3.jar:/Users/prasannakumardeep/.m2/repository/org/axonframework/axon-spring/4.9.3/axon-spring-4.9.3.jar:/Users/prasannakumardeep/.m2/repository/org/axonframework/axon-configuration/4.9.3/axon-configuration-4.9.3.jar:/Users/prasannakumardeep/.m2/repository/org/axonframework/axon-disruptor/4.9.3/axon-disruptor-4.9.3.jar:/Users/prasannakumardeep/.m2/repository/com/lmax/disruptor/3.4.4/disruptor-3.4.4.jar:/Users/prasannakumardeep/.m2/repository/org/axonframework/axon-eventsourcing/4.9.3/axon-eventsourcing-4.9.3.jar:/Users/prasannakumardeep/.m2/repository/org/axonframework/axon-modelling/4.9.3/axon-modelling-4.9.3.jar:/Users/prasannakumardeep/.m2/repository/org/axonframework/axon-messaging/4.9.3/axon-messaging-4.9.3.jar:/Users/prasannakumardeep/.m2/repository/org/reactivestreams/reactive-streams/1.0.4/reactive-streams-1.0.4.jar:/Users/prasannakumardeep/.m2/repository/com/thoughtworks/xstream/xstream/1.4.20/xstream-1.4.20.jar:/Users/prasannakumardeep/.m2/repository/io/github/x-stream/mxparser/1.2.2/mxparser-1.2.2.jar:/Users/prasannakumardeep/.m2/repository/xmlpull/xmlpull/1.1.3.1/xmlpull-1.1.3.1.jar:/Users/prasannakumardeep/.m2/repository/org/axonframework/axon-server-connector/4.9.3/axon-server-connector-4.9.3.jar:/Users/prasannakumardeep/.m2/repository/io/axoniq/axonserver-connector-java/2023.2.0/axonserver-connector-java-2023.2.0.jar:/Users/prasannakumardeep/.m2/repository/io/grpc/grpc-protobuf/1.59.1/grpc-protobuf-1.59.1.jar:/Users/prasannakumardeep/.m2/repository/io/grpc/grpc-api/1.59.1/grpc-api-1.59.1.jar:/Users/prasannakumardeep/.m2/repository/com/google/protobuf/protobuf-java/3.24.0/protobuf-java-3.24.0.jar:/Users/prasannakumardeep/.m2/repository/com/google/api/grpc/proto-google-common-protos/2.22.0/proto-google-common-protos-2.22.0.jar:/Users/prasannakumardeep/.m2/repository/io/grpc/grpc-protobuf-lite/1.59.1/grpc-protobuf-lite-1.59.1.jar:/Users/prasannakumardeep/.m2/repository/io/grpc/grpc-stub/1.59.1/grpc-stub-1.59.1.jar:/Users/prasannakumardeep/.m2/repository/io/grpc/grpc-netty-shaded/1.59.1/grpc-netty-shaded-1.59.1.jar:/Users/prasannakumardeep/.m2/repository/io/perfmark/perfmark-api/0.26.0/perfmark-api-0.26.0.jar:/Users/prasannakumardeep/.m2/repository/io/grpc/grpc-core/1.59.1/grpc-core-1.59.1.jar:/Users/prasannakumardeep/.m2/repository/com/google/code/gson/gson/2.10.1/gson-2.10.1.jar:/Users/prasannakumardeep/.m2/repository/com/google/android/annotations/4.1.1.4/annotations-4.1.1.4.jar:/Users/prasannakumardeep/.m2/repository/org/codehaus/mojo/animal-sniffer-annotations/1.23/animal-sniffer-annotations-1.23.jar:/Users/prasannakumardeep/.m2/repository/io/grpc/grpc-context/1.59.1/grpc-context-1.59.1.jar:/Users/prasannakumardeep/.m2/repository/io/grpc/grpc-util/1.59.1/grpc-util-1.59.1.jar:/Users/prasannakumardeep/.m2/repository/org/springframework/cloud/spring-cloud-starter-netflix-eureka-client/4.1.3/spring-cloud-starter-netflix-eureka-client-4.1.3.jar:/Users/prasannakumardeep/.m2/repository/org/springframework/cloud/spring-cloud-starter/4.1.4/spring-cloud-starter-4.1.4.jar:/Users/prasannakumardeep/.m2/repository/org/springframework/cloud/spring-cloud-context/4.1.4/spring-cloud-context-4.1.4.jar:/Users/prasannakumardeep/.m2/repository/org/springframework/security/spring-security-crypto/6.2.4/spring-security-crypto-6.2.4.jar:/Users/prasannakumardeep/.m2/repository/org/springframework/cloud/spring-cloud-commons/4.1.4/spring-cloud-commons-4.1.4.jar:/Users/prasannakumardeep/.m2/repository/org/springframework/security/spring-security-rsa/1.1.3/spring-security-rsa-1.1.3.jar:/Users/prasannakumardeep/.m2/repository/org/bouncycastle/bcprov-jdk18on/1.78/bcprov-jdk18on-1.78.jar:/Users/prasannakumardeep/.m2/repository/org/springframework/cloud/spring-cloud-netflix-eureka-client/4.1.3/spring-cloud-netflix-eureka-client-4.1.3.jar:/Users/prasannakumardeep/.m2/repository/org/apache/httpcomponents/client5/httpclient5/5.2.3/httpclient5-5.2.3.jar:/Users/prasannakumardeep/.m2/repository/org/apache/httpcomponents/core5/httpcore5/5.2.4/httpcore5-5.2.4.jar:/Users/prasannakumardeep/.m2/repository/org/apache/httpcomponents/core5/httpcore5-h2/5.2.4/httpcore5-h2-5.2.4.jar:/Users/prasannakumardeep/.m2/repository/com/netflix/eureka/eureka-client/2.0.3/eureka-client-2.0.3.jar:/Users/prasannakumardeep/.m2/repository/jakarta/ws/rs/jakarta.ws.rs-api/3.1.0/jakarta.ws.rs-api-3.1.0.jar:/Users/prasannakumardeep/.m2/repository/jakarta/inject/jakarta.inject-api/2.0.1/jakarta.inject-api-2.0.1.jar:/Users/prasannakumardeep/.m2/repository/jakarta/annotation/jakarta.annotation-api/2.1.1/jakarta.annotation-api-2.1.1.jar:/Users/prasannakumardeep/.m2/repository/com/netflix/spectator/spectator-api/1.7.3/spectator-api-1.7.3.jar:/Users/prasannakumardeep/.m2/repository/org/apache/httpcomponents/httpclient/4.5.3/httpclient-4.5.3.jar:/Users/prasannakumardeep/.m2/repository/org/apache/httpcomponents/httpcore/4.4.16/httpcore-4.4.16.jar:/Users/prasannakumardeep/.m2/repository/commons-codec/commons-codec/1.16.1/commons-codec-1.16.1.jar:/Users/prasannakumardeep/.m2/repository/commons-configuration/commons-configuration/1.10/commons-configuration-1.10.jar:/Users/prasannakumardeep/.m2/repository/commons-lang/commons-lang/2.6/commons-lang-2.6.jar:/Users/prasannakumardeep/.m2/repository/com/fasterxml/jackson/core/jackson-annotations/2.15.4/jackson-annotations-2.15.4.jar:/Users/prasannakumardeep/.m2/repository/com/fasterxml/jackson/core/jackson-core/2.15.4/jackson-core-2.15.4.jar:/Users/prasannakumardeep/.m2/repository/com/fasterxml/jackson/core/jackson-databind/2.15.4/jackson-databind-2.15.4.jar:/Users/prasannakumardeep/.m2/repository/com/netflix/netflix-commons/netflix-eventbus/0.3.0/netflix-eventbus-0.3.0.jar:/Users/prasannakumardeep/.m2/repository/com/netflix/netflix-commons/netflix-infix/0.3.0/netflix-infix-0.3.0.jar:/Users/prasannakumardeep/.m2/repository/commons-jxpath/commons-jxpath/1.3/commons-jxpath-1.3.jar:/Users/prasannakumardeep/.m2/repository/joda-time/joda-time/2.3/joda-time-2.3.jar:/Users/prasannakumardeep/.m2/repository/org/antlr/antlr-runtime/3.4/antlr-runtime-3.4.jar:/Users/prasannakumardeep/.m2/repository/org/antlr/stringtemplate/3.2.1/stringtemplate-3.2.1.jar:/Users/prasannakumardeep/.m2/repository/antlr/antlr/2.7.7/antlr-2.7.7.jar:/Users/prasannakumardeep/.m2/repository/com/netflix/servo/servo-core/0.5.3/servo-core-0.5.3.jar:/Users/prasannakumardeep/.m2/repository/org/apache/commons/commons-math/2.2/commons-math-2.2.jar:/Users/prasannakumardeep/.m2/repository/javax/annotation/javax.annotation-api/1.2/javax.annotation-api-1.2.jar:/Users/prasannakumardeep/.m2/repository/org/codehaus/jettison/jettison/1.5.4/jettison-1.5.4.jar:/Users/prasannakumardeep/.m2/repository/com/netflix/eureka/eureka-core/2.0.3/eureka-core-2.0.3.jar:/Users/prasannakumardeep/.m2/repository/com/fasterxml/woodstox/woodstox-core/6.2.1/woodstox-core-6.2.1.jar:/Users/prasannakumardeep/.m2/repository/org/codehaus/woodstox/stax2-api/4.2.1/stax2-api-4.2.1.jar:/Users/prasannakumardeep/.m2/repository/org/springframework/cloud/spring-cloud-starter-loadbalancer/4.1.4/spring-cloud-starter-loadbalancer-4.1.4.jar:/Users/prasannakumardeep/.m2/repository/org/springframework/cloud/spring-cloud-loadbalancer/4.1.4/spring-cloud-loadbalancer-4.1.4.jar:/Users/prasannakumardeep/.m2/repository/io/projectreactor/reactor-core/3.6.5/reactor-core-3.6.5.jar:/Users/prasannakumardeep/.m2/repository/io/projectreactor/addons/reactor-extra/3.5.1/reactor-extra-3.5.1.jar:/Users/prasannakumardeep/.m2/repository/org/springframework/boot/spring-boot-starter-cache/3.2.5/spring-boot-starter-cache-3.2.5.jar:/Users/prasannakumardeep/.m2/repository/org/springframework/spring-context-support/6.1.6/spring-context-support-6.1.6.jar:/Users/prasannakumardeep/.m2/repository/com/stoyanr/evictor/1.0.0/evictor-1.0.0.jar:/Users/prasannakumardeep/.m2/repository/org/postgresql/postgresql/42.5.0/postgresql-42.5.0.jar:/Users/prasannakumardeep/.m2/repository/org/checkerframework/checker-qual/3.5.0/checker-qual-3.5.0.jar:/Users/prasannakumardeep/.m2/repository/org/springframework/boot/spring-boot-starter-data-jpa/3.2.5/spring-boot-starter-data-jpa-3.2.5.jar:/Users/prasannakumardeep/.m2/repository/org/springframework/boot/spring-boot-starter-aop/3.2.5/spring-boot-starter-aop-3.2.5.jar:/Users/prasannakumardeep/.m2/repository/org/aspectj/aspectjweaver/1.9.22/aspectjweaver-1.9.22.jar:/Users/prasannakumardeep/.m2/repository/org/springframework/boot/spring-boot-starter-jdbc/3.2.5/spring-boot-starter-jdbc-3.2.5.jar:/Users/prasannakumardeep/.m2/repository/com/zaxxer/HikariCP/5.0.1/HikariCP-5.0.1.jar:/Users/prasannakumardeep/.m2/repository/org/springframework/spring-jdbc/6.1.6/spring-jdbc-6.1.6.jar:/Users/prasannakumardeep/.m2/repository/org/hibernate/orm/hibernate-core/6.4.4.Final/hibernate-core-6.4.4.Final.jar:/Users/prasannakumardeep/.m2/repository/jakarta/persistence/jakarta.persistence-api/3.1.0/jakarta.persistence-api-3.1.0.jar:/Users/prasannakumardeep/.m2/repository/jakarta/transaction/jakarta.transaction-api/2.0.1/jakarta.transaction-api-2.0.1.jar:/Users/prasannakumardeep/.m2/repository/org/jboss/logging/jboss-logging/3.5.3.Final/jboss-logging-3.5.3.Final.jar:/Users/prasannakumardeep/.m2/repository/org/hibernate/common/hibernate-commons-annotations/6.0.6.Final/hibernate-commons-annotations-6.0.6.Final.jar:/Users/prasannakumardeep/.m2/repository/io/smallrye/jandex/3.1.2/jandex-3.1.2.jar:/Users/prasannakumardeep/.m2/repository/com/fasterxml/classmate/1.6.0/classmate-1.6.0.jar:/Users/prasannakumardeep/.m2/repository/org/glassfish/jaxb/jaxb-runtime/4.0.5/jaxb-runtime-4.0.5.jar:/Users/prasannakumardeep/.m2/repository/org/glassfish/jaxb/jaxb-core/4.0.5/jaxb-core-4.0.5.jar:/Users/prasannakumardeep/.m2/repository/org/eclipse/angus/angus-activation/2.0.2/angus-activation-2.0.2.jar:/Users/prasannakumardeep/.m2/repository/org/glassfish/jaxb/txw2/4.0.5/txw2-4.0.5.jar:/Users/prasannakumardeep/.m2/repository/com/sun/istack/istack-commons-runtime/4.1.2/istack-commons-runtime-4.1.2.jar:/Users/prasannakumardeep/.m2/repository/org/antlr/antlr4-runtime/4.13.0/antlr4-runtime-4.13.0.jar:/Users/prasannakumardeep/.m2/repository/org/springframework/data/spring-data-jpa/3.2.5/spring-data-jpa-3.2.5.jar:/Users/prasannakumardeep/.m2/repository/org/springframework/data/spring-data-commons/3.2.5/spring-data-commons-3.2.5.jar:/Users/prasannakumardeep/.m2/repository/org/springframework/spring-orm/6.1.6/spring-orm-6.1.6.jar:/Users/prasannakumardeep/.m2/repository/org/springframework/spring-aspects/6.1.6/spring-aspects-6.1.6.jar:/Users/prasannakumardeep/.m2/repository/org/springframework/boot/spring-boot-starter-validation/3.2.5/spring-boot-starter-validation-3.2.5.jar:/Users/prasannakumardeep/.m2/repository/org/springframework/boot/spring-boot-starter/3.2.5/spring-boot-starter-3.2.5.jar:/Users/prasannakumardeep/.m2/repository/org/springframework/boot/spring-boot-autoconfigure/3.2.5/spring-boot-autoconfigure-3.2.5.jar:/Users/prasannakumardeep/.m2/repository/org/springframework/boot/spring-boot-starter-logging/3.2.5/spring-boot-starter-logging-3.2.5.jar:/Users/prasannakumardeep/.m2/repository/ch/qos/logback/logback-classic/1.4.14/logback-classic-1.4.14.jar:/Users/prasannakumardeep/.m2/repository/ch/qos/logback/logback-core/1.4.14/logback-core-1.4.14.jar:/Users/prasannakumardeep/.m2/repository/org/apache/logging/log4j/log4j-to-slf4j/2.21.1/log4j-to-slf4j-2.21.1.jar:/Users/prasannakumardeep/.m2/repository/org/apache/logging/log4j/log4j-api/2.21.1/log4j-api-2.21.1.jar:/Users/prasannakumardeep/.m2/repository/org/slf4j/jul-to-slf4j/2.0.13/jul-to-slf4j-2.0.13.jar:/Users/prasannakumardeep/.m2/repository/org/yaml/snakeyaml/2.2/snakeyaml-2.2.jar:/Users/prasannakumardeep/.m2/repository/org/apache/tomcat/embed/tomcat-embed-el/10.1.20/tomcat-embed-el-10.1.20.jar:/Users/prasannakumardeep/.m2/repository/org/hibernate/validator/hibernate-validator/8.0.1.Final/hibernate-validator-8.0.1.Final.jar:/Users/prasannakumardeep/.m2/repository/jakarta/validation/jakarta.validation-api/3.0.2/jakarta.validation-api-3.0.2.jar:/Users/prasannakumardeep/.m2/repository/org/springframework/boot/spring-boot-starter-test/3.2.5/spring-boot-starter-test-3.2.5.jar:/Users/prasannakumardeep/.m2/repository/org/springframework/boot/spring-boot-test/3.2.5/spring-boot-test-3.2.5.jar:/Users/prasannakumardeep/.m2/repository/org/springframework/boot/spring-boot-test-autoconfigure/3.2.5/spring-boot-test-autoconfigure-3.2.5.jar:/Users/prasannakumardeep/.m2/repository/com/jayway/jsonpath/json-path/2.9.0/json-path-2.9.0.jar:/Users/prasannakumardeep/.m2/repository/jakarta/xml/bind/jakarta.xml.bind-api/4.0.2/jakarta.xml.bind-api-4.0.2.jar:/Users/prasannakumardeep/.m2/repository/jakarta/activation/jakarta.activation-api/2.1.3/jakarta.activation-api-2.1.3.jar:/Users/prasannakumardeep/.m2/repository/net/minidev/json-smart/2.5.1/json-smart-2.5.1.jar:/Users/prasannakumardeep/.m2/repository/net/minidev/accessors-smart/2.5.1/accessors-smart-2.5.1.jar:/Users/prasannakumardeep/.m2/repository/org/ow2/asm/asm/9.6/asm-9.6.jar:/Users/prasannakumardeep/.m2/repository/org/assertj/assertj-core/3.24.2/assertj-core-3.24.2.jar:/Users/prasannakumardeep/.m2/repository/org/awaitility/awaitility/4.2.1/awaitility-4.2.1.jar:/Users/prasannakumardeep/.m2/repository/org/hamcrest/hamcrest/2.2/hamcrest-2.2.jar:/Users/prasannakumardeep/.m2/repository/org/junit/jupiter/junit-jupiter/5.10.2/junit-jupiter-5.10.2.jar:/Users/prasannakumardeep/.m2/repository/org/junit/jupiter/junit-jupiter-params/5.10.2/junit-jupiter-params-5.10.2.jar:/Users/prasannakumardeep/.m2/repository/org/mockito/mockito-junit-jupiter/5.7.0/mockito-junit-jupiter-5.7.0.jar:/Users/prasannakumardeep/.m2/repository/org/skyscreamer/jsonassert/1.5.1/jsonassert-1.5.1.jar:/Users/prasannakumardeep/.m2/repository/com/vaadin/external/google/android-json/0.0.20131108.vaadin1/android-json-0.0.20131108.vaadin1.jar:/Users/prasannakumardeep/.m2/repository/org/springframework/spring-core/6.1.6/spring-core-6.1.6.jar:/Users/prasannakumardeep/.m2/repository/org/springframework/spring-jcl/6.1.6/spring-jcl-6.1.6.jar:/Users/prasannakumardeep/.m2/repository/org/springframework/spring-test/6.1.6/spring-test-6.1.6.jar:/Users/prasannakumardeep/.m2/repository/org/xmlunit/xmlunit-core/2.9.1/xmlunit-core-2.9.1.jar:/Users/prasannakumardeep/.m2/repository/org/junit/jupiter/junit-jupiter-api/5.9.1/junit-jupiter-api-5.9.1.jar:/Users/prasannakumardeep/.m2/repository/org/opentest4j/opentest4j/1.2.0/opentest4j-1.2.0.jar:/Users/prasannakumardeep/.m2/repository/org/junit/platform/junit-platform-commons/1.10.2/junit-platform-commons-1.10.2.jar:/Users/prasannakumardeep/.m2/repository/org/apiguardian/apiguardian-api/1.1.2/apiguardian-api-1.1.2.jar:/Users/prasannakumardeep/.m2/repository/org/junit/jupiter/junit-jupiter-engine/5.9.1/junit-jupiter-engine-5.9.1.jar:/Users/prasannakumardeep/.m2/repository/org/junit/platform/junit-platform-engine/1.10.2/junit-platform-engine-1.10.2.jar:/Users/prasannakumardeep/.m2/repository/org/mockito/mockito-core/5.3.1/mockito-core-5.3.1.jar:/Users/prasannakumardeep/.m2/repository/net/bytebuddy/byte-buddy/1.14.13/byte-buddy-1.14.13.jar:/Users/prasannakumardeep/.m2/repository/net/bytebuddy/byte-buddy-agent/1.14.13/byte-buddy-agent-1.14.13.jar:/Users/prasannakumardeep/.m2/repository/org/objenesis/objenesis/3.3/objenesis-3.3.jar:/Users/prasannakumardeep/.m2/repository/org/axonframework/axon-test/4.9.3/axon-test-4.9.3.jar:/Users/prasannakumardeep/.m2/repository/org/springframework/boot/spring-boot-configuration-processor/3.2.5/spring-boot-configuration-processor-3.2.5.jar:/Users/prasannakumardeep/.m2/repository/org/springframework/boot/spring-boot-starter-actuator/3.2.5/spring-boot-starter-actuator-3.2.5.jar:/Users/prasannakumardeep/.m2/repository/org/springframework/boot/spring-boot-actuator-autoconfigure/3.2.5/spring-boot-actuator-autoconfigure-3.2.5.jar:/Users/prasannakumardeep/.m2/repository/org/springframework/boot/spring-boot-actuator/3.2.5/spring-boot-actuator-3.2.5.jar:/Users/prasannakumardeep/.m2/repository/com/fasterxml/jackson/datatype/jackson-datatype-jsr310/2.15.4/jackson-datatype-jsr310-2.15.4.jar:/Users/prasannakumardeep/.m2/repository/io/micrometer/micrometer-jakarta9/1.12.5/micrometer-jakarta9-1.12.5.jar:/Users/prasannakumardeep/.m2/repository/io/micrometer/micrometer-core/1.12.5/micrometer-core-1.12.5.jar:/Users/prasannakumardeep/.m2/repository/org/hdrhistogram/HdrHistogram/2.1.12/HdrHistogram-2.1.12.jar:/Users/prasannakumardeep/.m2/repository/org/latencyutils/LatencyUtils/2.0.3/LatencyUtils-2.0.3.jar:/Users/prasannakumardeep/.m2/repository/org/springframework/boot/spring-boot-starter-web/3.2.5/spring-boot-starter-web-3.2.5.jar:/Users/prasannakumardeep/.m2/repository/org/springframework/boot/spring-boot-starter-json/3.2.5/spring-boot-starter-json-3.2.5.jar:/Users/prasannakumardeep/.m2/repository/com/fasterxml/jackson/datatype/jackson-datatype-jdk8/2.15.4/jackson-datatype-jdk8-2.15.4.jar:/Users/prasannakumardeep/.m2/repository/com/fasterxml/jackson/module/jackson-module-parameter-names/2.15.4/jackson-module-parameter-names-2.15.4.jar:/Users/prasannakumardeep/.m2/repository/org/springframework/boot/spring-boot-starter-tomcat/3.2.5/spring-boot-starter-tomcat-3.2.5.jar:/Users/prasannakumardeep/.m2/repository/org/apache/tomcat/embed/tomcat-embed-core/10.1.20/tomcat-embed-core-10.1.20.jar:/Users/prasannakumardeep/.m2/repository/org/apache/tomcat/embed/tomcat-embed-websocket/10.1.20/tomcat-embed-websocket-10.1.20.jar:/Users/prasannakumardeep/.m2/repository/org/springframework/spring-web/6.1.6/spring-web-6.1.6.jar:/Users/prasannakumardeep/.m2/repository/org/springframework/spring-webmvc/6.1.6/spring-webmvc-6.1.6.jar:/Users/prasannakumardeep/.m2/repository/org/springframework/boot/spring-boot-properties-migrator/3.2.5/spring-boot-properties-migrator-3.2.5.jar:/Users/prasannakumardeep/.m2/repository/org/springframework/boot/spring-boot/3.2.5/spring-boot-3.2.5.jar:/Users/prasannakumardeep/.m2/repository/org/springframework/boot/spring-boot-configuration-metadata/3.2.5/spring-boot-configuration-metadata-3.2.5.jar:/Users/prasannakumardeep/.m2/repository/com/h2database/h2/2.2.224/h2-2.2.224.jar:/Users/prasannakumardeep/.m2/repository/org/projectlombok/lombok/1.18.32/lombok-1.18.32.jar:/Users/prasannakumardeep/.m2/repository/com/google/guava/guava/30.1.1-jre/guava-30.1.1-jre.jar:/Users/prasannakumardeep/.m2/repository/com/google/guava/failureaccess/1.0.1/failureaccess-1.0.1.jar:/Users/prasannakumardeep/.m2/repository/com/google/guava/listenablefuture/9999.0-empty-to-avoid-conflict-with-guava/listenablefuture-9999.0-empty-to-avoid-conflict-with-guava.jar:/Users/prasannakumardeep/.m2/repository/com/google/errorprone/error_prone_annotations/2.5.1/error_prone_annotations-2.5.1.jar:/Users/prasannakumardeep/.m2/repository/com/google/j2objc/j2objc-annotations/1.3/j2objc-annotations-1.3.jar:"/>
    <property name="java.vm.vendor" value="Amazon.com Inc."/>
    <property name="sun.arch.data.model" value="64"/>
    <property name="java.vendor.url" value="https://aws.amazon.com/corretto/"/>
    <property name="user.timezone" value="Asia/Kolkata"/>
    <property name="org.jboss.logging.provider" value="slf4j"/>
    <property name="os.name" value="Mac OS X"/>
    <property name="java.vm.specification.version" value="22"/>
    <property name="sun.java.launcher" value="SUN_STANDARD"/>
    <property name="user.country" value="IN"/>
    <property name="sun.boot.library.path" value="/Users/prasannakumardeep/Library/Java/JavaVirtualMachines/corretto-22.0.2/Contents/Home/lib"/>
    <property name="sun.java.command" value="/Users/prasannakumardeep/IdeaProjects/MicroservicesSpringKafka/OrderService/target/surefire/surefirebooter-20241113171738168_6.jar /Users/prasannakumardeep/IdeaProjects/MicroservicesSpringKafka/OrderService/target/surefire 2024-11-13T17-17-34_858-jvmRun1 surefire-20241113171738168_4tmp surefire_1-20241113171738168_5tmp"/>
    <property name="http.nonProxyHosts" value="local|*.local|169.254/16|*.169.254/16"/>
    <property name="jdk.debug" value="release"/>
    <property name="surefire.test.class.path" value="/Users/prasannakumardeep/IdeaProjects/MicroservicesSpringKafka/OrderService/target/test-classes:/Users/prasannakumardeep/IdeaProjects/MicroservicesSpringKafka/OrderService/target/classes:/Users/prasannakumardeep/IdeaProjects/MicroservicesSpringKafka/CommonService/target/CommonService-0.0.1-SNAPSHOT.jar:/Users/prasannakumardeep/.m2/repository/org/springframework/kafka/spring-kafka/3.1.4/spring-kafka-3.1.4.jar:/Users/prasannakumardeep/.m2/repository/org/springframework/spring-context/6.1.6/spring-context-6.1.6.jar:/Users/prasannakumardeep/.m2/repository/org/springframework/spring-aop/6.1.6/spring-aop-6.1.6.jar:/Users/prasannakumardeep/.m2/repository/org/springframework/spring-beans/6.1.6/spring-beans-6.1.6.jar:/Users/prasannakumardeep/.m2/repository/org/springframework/spring-expression/6.1.6/spring-expression-6.1.6.jar:/Users/prasannakumardeep/.m2/repository/org/springframework/spring-messaging/6.1.6/spring-messaging-6.1.6.jar:/Users/prasannakumardeep/.m2/repository/org/springframework/spring-tx/6.1.6/spring-tx-6.1.6.jar:/Users/prasannakumardeep/.m2/repository/org/springframework/retry/spring-retry/2.0.5/spring-retry-2.0.5.jar:/Users/prasannakumardeep/.m2/repository/io/micrometer/micrometer-observation/1.12.5/micrometer-observation-1.12.5.jar:/Users/prasannakumardeep/.m2/repository/io/micrometer/micrometer-commons/1.12.5/micrometer-commons-1.12.5.jar:/Users/prasannakumardeep/.m2/repository/com/google/code/findbugs/jsr305/3.0.2/jsr305-3.0.2.jar:/Users/prasannakumardeep/.m2/repository/org/apache/kafka/kafka-clients/3.6.2/kafka-clients-3.6.2.jar:/Users/prasannakumardeep/.m2/repository/com/github/luben/zstd-jni/1.5.5-1/zstd-jni-1.5.5-1.jar:/Users/prasannakumardeep/.m2/repository/org/lz4/lz4-java/1.8.0/lz4-java-1.8.0.jar:/Users/prasannakumardeep/.m2/repository/org/xerial/snappy/snappy-java/1.1.10.5/snappy-java-1.1.10.5.jar:/Users/prasannakumardeep/.m2/repository/org/slf4j/slf4j-api/2.0.13/slf4j-api-2.0.13.jar:/Users/prasannakumardeep/.m2/repository/org/axonframework/axon-spring-boot-starter/4.9.3/axon-spring-boot-starter-4.9.3.jar:/Users/prasannakumardeep/.m2/repository/org/axonframework/axon-spring-boot-autoconfigure/4.9.3/axon-spring-boot-autoconfigure-4.9.3.jar:/Users/prasannakumardeep/.m2/repository/org/axonframework/axon-spring/4.9.3/axon-spring-4.9.3.jar:/Users/prasannakumardeep/.m2/repository/org/axonframework/axon-configuration/4.9.3/axon-configuration-4.9.3.jar:/Users/prasannakumardeep/.m2/repository/org/axonframework/axon-disruptor/4.9.3/axon-disruptor-4.9.3.jar:/Users/prasannakumardeep/.m2/repository/com/lmax/disruptor/3.4.4/disruptor-3.4.4.jar:/Users/prasannakumardeep/.m2/repository/org/axonframework/axon-eventsourcing/4.9.3/axon-eventsourcing-4.9.3.jar:/Users/prasannakumardeep/.m2/repository/org/axonframework/axon-modelling/4.9.3/axon-modelling-4.9.3.jar:/Users/prasannakumardeep/.m2/repository/org/axonframework/axon-messaging/4.9.3/axon-messaging-4.9.3.jar:/Users/prasannakumardeep/.m2/repository/org/reactivestreams/reactive-streams/1.0.4/reactive-streams-1.0.4.jar:/Users/prasannakumardeep/.m2/repository/com/thoughtworks/xstream/xstream/1.4.20/xstream-1.4.20.jar:/Users/prasannakumardeep/.m2/repository/io/github/x-stream/mxparser/1.2.2/mxparser-1.2.2.jar:/Users/prasannakumardeep/.m2/repository/xmlpull/xmlpull/1.1.3.1/xmlpull-1.1.3.1.jar:/Users/prasannakumardeep/.m2/repository/org/axonframework/axon-server-connector/4.9.3/axon-server-connector-4.9.3.jar:/Users/prasannakumardeep/.m2/repository/io/axoniq/axonserver-connector-java/2023.2.0/axonserver-connector-java-2023.2.0.jar:/Users/prasannakumardeep/.m2/repository/io/grpc/grpc-protobuf/1.59.1/grpc-protobuf-1.59.1.jar:/Users/prasannakumardeep/.m2/repository/io/grpc/grpc-api/1.59.1/grpc-api-1.59.1.jar:/Users/prasannakumardeep/.m2/repository/com/google/protobuf/protobuf-java/3.24.0/protobuf-java-3.24.0.jar:/Users/prasannakumardeep/.m2/repository/com/google/api/grpc/proto-google-common-protos/2.22.0/proto-google-common-protos-2.22.0.jar:/Users/prasannakumardeep/.m2/repository/io/grpc/grpc-protobuf-lite/1.59.1/grpc-protobuf-lite-1.59.1.jar:/Users/prasannakumardeep/.m2/repository/io/grpc/grpc-stub/1.59.1/grpc-stub-1.59.1.jar:/Users/prasannakumardeep/.m2/repository/io/grpc/grpc-netty-shaded/1.59.1/grpc-netty-shaded-1.59.1.jar:/Users/prasannakumardeep/.m2/repository/io/perfmark/perfmark-api/0.26.0/perfmark-api-0.26.0.jar:/Users/prasannakumardeep/.m2/repository/io/grpc/grpc-core/1.59.1/grpc-core-1.59.1.jar:/Users/prasannakumardeep/.m2/repository/com/google/code/gson/gson/2.10.1/gson-2.10.1.jar:/Users/prasannakumardeep/.m2/repository/com/google/android/annotations/4.1.1.4/annotations-4.1.1.4.jar:/Users/prasannakumardeep/.m2/repository/org/codehaus/mojo/animal-sniffer-annotations/1.23/animal-sniffer-annotations-1.23.jar:/Users/prasannakumardeep/.m2/repository/io/grpc/grpc-context/1.59.1/grpc-context-1.59.1.jar:/Users/prasannakumardeep/.m2/repository/io/grpc/grpc-util/1.59.1/grpc-util-1.59.1.jar:/Users/prasannakumardeep/.m2/repository/org/springframework/cloud/spring-cloud-starter-netflix-eureka-client/4.1.3/spring-cloud-starter-netflix-eureka-client-4.1.3.jar:/Users/prasannakumardeep/.m2/repository/org/springframework/cloud/spring-cloud-starter/4.1.4/spring-cloud-starter-4.1.4.jar:/Users/prasannakumardeep/.m2/repository/org/springframework/cloud/spring-cloud-context/4.1.4/spring-cloud-context-4.1.4.jar:/Users/prasannakumardeep/.m2/repository/org/springframework/security/spring-security-crypto/6.2.4/spring-security-crypto-6.2.4.jar:/Users/prasannakumardeep/.m2/repository/org/springframework/cloud/spring-cloud-commons/4.1.4/spring-cloud-commons-4.1.4.jar:/Users/prasannakumardeep/.m2/repository/org/springframework/security/spring-security-rsa/1.1.3/spring-security-rsa-1.1.3.jar:/Users/prasannakumardeep/.m2/repository/org/bouncycastle/bcprov-jdk18on/1.78/bcprov-jdk18on-1.78.jar:/Users/prasannakumardeep/.m2/repository/org/springframework/cloud/spring-cloud-netflix-eureka-client/4.1.3/spring-cloud-netflix-eureka-client-4.1.3.jar:/Users/prasannakumardeep/.m2/repository/org/apache/httpcomponents/client5/httpclient5/5.2.3/httpclient5-5.2.3.jar:/Users/prasannakumardeep/.m2/repository/org/apache/httpcomponents/core5/httpcore5/5.2.4/httpcore5-5.2.4.jar:/Users/prasannakumardeep/.m2/repository/org/apache/httpcomponents/core5/httpcore5-h2/5.2.4/httpcore5-h2-5.2.4.jar:/Users/prasannakumardeep/.m2/repository/com/netflix/eureka/eureka-client/2.0.3/eureka-client-2.0.3.jar:/Users/prasannakumardeep/.m2/repository/jakarta/ws/rs/jakarta.ws.rs-api/3.1.0/jakarta.ws.rs-api-3.1.0.jar:/Users/prasannakumardeep/.m2/repository/jakarta/inject/jakarta.inject-api/2.0.1/jakarta.inject-api-2.0.1.jar:/Users/prasannakumardeep/.m2/repository/jakarta/annotation/jakarta.annotation-api/2.1.1/jakarta.annotation-api-2.1.1.jar:/Users/prasannakumardeep/.m2/repository/com/netflix/spectator/spectator-api/1.7.3/spectator-api-1.7.3.jar:/Users/prasannakumardeep/.m2/repository/org/apache/httpcomponents/httpclient/4.5.3/httpclient-4.5.3.jar:/Users/prasannakumardeep/.m2/repository/org/apache/httpcomponents/httpcore/4.4.16/httpcore-4.4.16.jar:/Users/prasannakumardeep/.m2/repository/commons-codec/commons-codec/1.16.1/commons-codec-1.16.1.jar:/Users/prasannakumardeep/.m2/repository/commons-configuration/commons-configuration/1.10/commons-configuration-1.10.jar:/Users/prasannakumardeep/.m2/repository/commons-lang/commons-lang/2.6/commons-lang-2.6.jar:/Users/prasannakumardeep/.m2/repository/com/fasterxml/jackson/core/jackson-annotations/2.15.4/jackson-annotations-2.15.4.jar:/Users/prasannakumardeep/.m2/repository/com/fasterxml/jackson/core/jackson-core/2.15.4/jackson-core-2.15.4.jar:/Users/prasannakumardeep/.m2/repository/com/fasterxml/jackson/core/jackson-databind/2.15.4/jackson-databind-2.15.4.jar:/Users/prasannakumardeep/.m2/repository/com/netflix/netflix-commons/netflix-eventbus/0.3.0/netflix-eventbus-0.3.0.jar:/Users/prasannakumardeep/.m2/repository/com/netflix/netflix-commons/netflix-infix/0.3.0/netflix-infix-0.3.0.jar:/Users/prasannakumardeep/.m2/repository/commons-jxpath/commons-jxpath/1.3/commons-jxpath-1.3.jar:/Users/prasannakumardeep/.m2/repository/joda-time/joda-time/2.3/joda-time-2.3.jar:/Users/prasannakumardeep/.m2/repository/org/antlr/antlr-runtime/3.4/antlr-runtime-3.4.jar:/Users/prasannakumardeep/.m2/repository/org/antlr/stringtemplate/3.2.1/stringtemplate-3.2.1.jar:/Users/prasannakumardeep/.m2/repository/antlr/antlr/2.7.7/antlr-2.7.7.jar:/Users/prasannakumardeep/.m2/repository/com/netflix/servo/servo-core/0.5.3/servo-core-0.5.3.jar:/Users/prasannakumardeep/.m2/repository/org/apache/commons/commons-math/2.2/commons-math-2.2.jar:/Users/prasannakumardeep/.m2/repository/javax/annotation/javax.annotation-api/1.2/javax.annotation-api-1.2.jar:/Users/prasannakumardeep/.m2/repository/org/codehaus/jettison/jettison/1.5.4/jettison-1.5.4.jar:/Users/prasannakumardeep/.m2/repository/com/netflix/eureka/eureka-core/2.0.3/eureka-core-2.0.3.jar:/Users/prasannakumardeep/.m2/repository/com/fasterxml/woodstox/woodstox-core/6.2.1/woodstox-core-6.2.1.jar:/Users/prasannakumardeep/.m2/repository/org/codehaus/woodstox/stax2-api/4.2.1/stax2-api-4.2.1.jar:/Users/prasannakumardeep/.m2/repository/org/springframework/cloud/spring-cloud-starter-loadbalancer/4.1.4/spring-cloud-starter-loadbalancer-4.1.4.jar:/Users/prasannakumardeep/.m2/repository/org/springframework/cloud/spring-cloud-loadbalancer/4.1.4/spring-cloud-loadbalancer-4.1.4.jar:/Users/prasannakumardeep/.m2/repository/io/projectreactor/reactor-core/3.6.5/reactor-core-3.6.5.jar:/Users/prasannakumardeep/.m2/repository/io/projectreactor/addons/reactor-extra/3.5.1/reactor-extra-3.5.1.jar:/Users/prasannakumardeep/.m2/repository/org/springframework/boot/spring-boot-starter-cache/3.2.5/spring-boot-starter-cache-3.2.5.jar:/Users/prasannakumardeep/.m2/repository/org/springframework/spring-context-support/6.1.6/spring-context-support-6.1.6.jar:/Users/prasannakumardeep/.m2/repository/com/stoyanr/evictor/1.0.0/evictor-1.0.0.jar:/Users/prasannakumardeep/.m2/repository/org/postgresql/postgresql/42.5.0/postgresql-42.5.0.jar:/Users/prasannakumardeep/.m2/repository/org/checkerframework/checker-qual/3.5.0/checker-qual-3.5.0.jar:/Users/prasannakumardeep/.m2/repository/org/springframework/boot/spring-boot-starter-data-jpa/3.2.5/spring-boot-starter-data-jpa-3.2.5.jar:/Users/prasannakumardeep/.m2/repository/org/springframework/boot/spring-boot-starter-aop/3.2.5/spring-boot-starter-aop-3.2.5.jar:/Users/prasannakumardeep/.m2/repository/org/aspectj/aspectjweaver/1.9.22/aspectjweaver-1.9.22.jar:/Users/prasannakumardeep/.m2/repository/org/springframework/boot/spring-boot-starter-jdbc/3.2.5/spring-boot-starter-jdbc-3.2.5.jar:/Users/prasannakumardeep/.m2/repository/com/zaxxer/HikariCP/5.0.1/HikariCP-5.0.1.jar:/Users/prasannakumardeep/.m2/repository/org/springframework/spring-jdbc/6.1.6/spring-jdbc-6.1.6.jar:/Users/prasannakumardeep/.m2/repository/org/hibernate/orm/hibernate-core/6.4.4.Final/hibernate-core-6.4.4.Final.jar:/Users/prasannakumardeep/.m2/repository/jakarta/persistence/jakarta.persistence-api/3.1.0/jakarta.persistence-api-3.1.0.jar:/Users/prasannakumardeep/.m2/repository/jakarta/transaction/jakarta.transaction-api/2.0.1/jakarta.transaction-api-2.0.1.jar:/Users/prasannakumardeep/.m2/repository/org/jboss/logging/jboss-logging/3.5.3.Final/jboss-logging-3.5.3.Final.jar:/Users/prasannakumardeep/.m2/repository/org/hibernate/common/hibernate-commons-annotations/6.0.6.Final/hibernate-commons-annotations-6.0.6.Final.jar:/Users/prasannakumardeep/.m2/repository/io/smallrye/jandex/3.1.2/jandex-3.1.2.jar:/Users/prasannakumardeep/.m2/repository/com/fasterxml/classmate/1.6.0/classmate-1.6.0.jar:/Users/prasannakumardeep/.m2/repository/org/glassfish/jaxb/jaxb-runtime/4.0.5/jaxb-runtime-4.0.5.jar:/Users/prasannakumardeep/.m2/repository/org/glassfish/jaxb/jaxb-core/4.0.5/jaxb-core-4.0.5.jar:/Users/prasannakumardeep/.m2/repository/org/eclipse/angus/angus-activation/2.0.2/angus-activation-2.0.2.jar:/Users/prasannakumardeep/.m2/repository/org/glassfish/jaxb/txw2/4.0.5/txw2-4.0.5.jar:/Users/prasannakumardeep/.m2/repository/com/sun/istack/istack-commons-runtime/4.1.2/istack-commons-runtime-4.1.2.jar:/Users/prasannakumardeep/.m2/repository/org/antlr/antlr4-runtime/4.13.0/antlr4-runtime-4.13.0.jar:/Users/prasannakumardeep/.m2/repository/org/springframework/data/spring-data-jpa/3.2.5/spring-data-jpa-3.2.5.jar:/Users/prasannakumardeep/.m2/repository/org/springframework/data/spring-data-commons/3.2.5/spring-data-commons-3.2.5.jar:/Users/prasannakumardeep/.m2/repository/org/springframework/spring-orm/6.1.6/spring-orm-6.1.6.jar:/Users/prasannakumardeep/.m2/repository/org/springframework/spring-aspects/6.1.6/spring-aspects-6.1.6.jar:/Users/prasannakumardeep/.m2/repository/org/springframework/boot/spring-boot-starter-validation/3.2.5/spring-boot-starter-validation-3.2.5.jar:/Users/prasannakumardeep/.m2/repository/org/springframework/boot/spring-boot-starter/3.2.5/spring-boot-starter-3.2.5.jar:/Users/prasannakumardeep/.m2/repository/org/springframework/boot/spring-boot-autoconfigure/3.2.5/spring-boot-autoconfigure-3.2.5.jar:/Users/prasannakumardeep/.m2/repository/org/springframework/boot/spring-boot-starter-logging/3.2.5/spring-boot-starter-logging-3.2.5.jar:/Users/prasannakumardeep/.m2/repository/ch/qos/logback/logback-classic/1.4.14/logback-classic-1.4.14.jar:/Users/prasannakumardeep/.m2/repository/ch/qos/logback/logback-core/1.4.14/logback-core-1.4.14.jar:/Users/prasannakumardeep/.m2/repository/org/apache/logging/log4j/log4j-to-slf4j/2.21.1/log4j-to-slf4j-2.21.1.jar:/Users/prasannakumardeep/.m2/repository/org/apache/logging/log4j/log4j-api/2.21.1/log4j-api-2.21.1.jar:/Users/prasannakumardeep/.m2/repository/org/slf4j/jul-to-slf4j/2.0.13/jul-to-slf4j-2.0.13.jar:/Users/prasannakumardeep/.m2/repository/org/yaml/snakeyaml/2.2/snakeyaml-2.2.jar:/Users/prasannakumardeep/.m2/repository/org/apache/tomcat/embed/tomcat-embed-el/10.1.20/tomcat-embed-el-10.1.20.jar:/Users/prasannakumardeep/.m2/repository/org/hibernate/validator/hibernate-validator/8.0.1.Final/hibernate-validator-8.0.1.Final.jar:/Users/prasannakumardeep/.m2/repository/jakarta/validation/jakarta.validation-api/3.0.2/jakarta.validation-api-3.0.2.jar:/Users/prasannakumardeep/.m2/repository/org/springframework/boot/spring-boot-starter-test/3.2.5/spring-boot-starter-test-3.2.5.jar:/Users/prasannakumardeep/.m2/repository/org/springframework/boot/spring-boot-test/3.2.5/spring-boot-test-3.2.5.jar:/Users/prasannakumardeep/.m2/repository/org/springframework/boot/spring-boot-test-autoconfigure/3.2.5/spring-boot-test-autoconfigure-3.2.5.jar:/Users/prasannakumardeep/.m2/repository/com/jayway/jsonpath/json-path/2.9.0/json-path-2.9.0.jar:/Users/prasannakumardeep/.m2/repository/jakarta/xml/bind/jakarta.xml.bind-api/4.0.2/jakarta.xml.bind-api-4.0.2.jar:/Users/prasannakumardeep/.m2/repository/jakarta/activation/jakarta.activation-api/2.1.3/jakarta.activation-api-2.1.3.jar:/Users/prasannakumardeep/.m2/repository/net/minidev/json-smart/2.5.1/json-smart-2.5.1.jar:/Users/prasannakumardeep/.m2/repository/net/minidev/accessors-smart/2.5.1/accessors-smart-2.5.1.jar:/Users/prasannakumardeep/.m2/repository/org/ow2/asm/asm/9.6/asm-9.6.jar:/Users/prasannakumardeep/.m2/repository/org/assertj/assertj-core/3.24.2/assertj-core-3.24.2.jar:/Users/prasannakumardeep/.m2/repository/org/awaitility/awaitility/4.2.1/awaitility-4.2.1.jar:/Users/prasannakumardeep/.m2/repository/org/hamcrest/hamcrest/2.2/hamcrest-2.2.jar:/Users/prasannakumardeep/.m2/repository/org/junit/jupiter/junit-jupiter/5.10.2/junit-jupiter-5.10.2.jar:/Users/prasannakumardeep/.m2/repository/org/junit/jupiter/junit-jupiter-params/5.10.2/junit-jupiter-params-5.10.2.jar:/Users/prasannakumardeep/.m2/repository/org/mockito/mockito-junit-jupiter/5.7.0/mockito-junit-jupiter-5.7.0.jar:/Users/prasannakumardeep/.m2/repository/org/skyscreamer/jsonassert/1.5.1/jsonassert-1.5.1.jar:/Users/prasannakumardeep/.m2/repository/com/vaadin/external/google/android-json/0.0.20131108.vaadin1/android-json-0.0.20131108.vaadin1.jar:/Users/prasannakumardeep/.m2/repository/org/springframework/spring-core/6.1.6/spring-core-6.1.6.jar:/Users/prasannakumardeep/.m2/repository/org/springframework/spring-jcl/6.1.6/spring-jcl-6.1.6.jar:/Users/prasannakumardeep/.m2/repository/org/springframework/spring-test/6.1.6/spring-test-6.1.6.jar:/Users/prasannakumardeep/.m2/repository/org/xmlunit/xmlunit-core/2.9.1/xmlunit-core-2.9.1.jar:/Users/prasannakumardeep/.m2/repository/org/junit/jupiter/junit-jupiter-api/5.9.1/junit-jupiter-api-5.9.1.jar:/Users/prasannakumardeep/.m2/repository/org/opentest4j/opentest4j/1.2.0/opentest4j-1.2.0.jar:/Users/prasannakumardeep/.m2/repository/org/junit/platform/junit-platform-commons/1.10.2/junit-platform-commons-1.10.2.jar:/Users/prasannakumardeep/.m2/repository/org/apiguardian/apiguardian-api/1.1.2/apiguardian-api-1.1.2.jar:/Users/prasannakumardeep/.m2/repository/org/junit/jupiter/junit-jupiter-engine/5.9.1/junit-jupiter-engine-5.9.1.jar:/Users/prasannakumardeep/.m2/repository/org/junit/platform/junit-platform-engine/1.10.2/junit-platform-engine-1.10.2.jar:/Users/prasannakumardeep/.m2/repository/org/mockito/mockito-core/5.3.1/mockito-core-5.3.1.jar:/Users/prasannakumardeep/.m2/repository/net/bytebuddy/byte-buddy/1.14.13/byte-buddy-1.14.13.jar:/Users/prasannakumardeep/.m2/repository/net/bytebuddy/byte-buddy-agent/1.14.13/byte-buddy-agent-1.14.13.jar:/Users/prasannakumardeep/.m2/repository/org/objenesis/objenesis/3.3/objenesis-3.3.jar:/Users/prasannakumardeep/.m2/repository/org/axonframework/axon-test/4.9.3/axon-test-4.9.3.jar:/Users/prasannakumardeep/.m2/repository/org/springframework/boot/spring-boot-configuration-processor/3.2.5/spring-boot-configuration-processor-3.2.5.jar:/Users/prasannakumardeep/.m2/repository/org/springframework/boot/spring-boot-starter-actuator/3.2.5/spring-boot-starter-actuator-3.2.5.jar:/Users/prasannakumardeep/.m2/repository/org/springframework/boot/spring-boot-actuator-autoconfigure/3.2.5/spring-boot-actuator-autoconfigure-3.2.5.jar:/Users/prasannakumardeep/.m2/repository/org/springframework/boot/spring-boot-actuator/3.2.5/spring-boot-actuator-3.2.5.jar:/Users/prasannakumardeep/.m2/repository/com/fasterxml/jackson/datatype/jackson-datatype-jsr310/2.15.4/jackson-datatype-jsr310-2.15.4.jar:/Users/prasannakumardeep/.m2/repository/io/micrometer/micrometer-jakarta9/1.12.5/micrometer-jakarta9-1.12.5.jar:/Users/prasannakumardeep/.m2/repository/io/micrometer/micrometer-core/1.12.5/micrometer-core-1.12.5.jar:/Users/prasannakumardeep/.m2/repository/org/hdrhistogram/HdrHistogram/2.1.12/HdrHistogram-2.1.12.jar:/Users/prasannakumardeep/.m2/repository/org/latencyutils/LatencyUtils/2.0.3/LatencyUtils-2.0.3.jar:/Users/prasannakumardeep/.m2/repository/org/springframework/boot/spring-boot-starter-web/3.2.5/spring-boot-starter-web-3.2.5.jar:/Users/prasannakumardeep/.m2/repository/org/springframework/boot/spring-boot-starter-json/3.2.5/spring-boot-starter-json-3.2.5.jar:/Users/prasannakumardeep/.m2/repository/com/fasterxml/jackson/datatype/jackson-datatype-jdk8/2.15.4/jackson-datatype-jdk8-2.15.4.jar:/Users/prasannakumardeep/.m2/repository/com/fasterxml/jackson/module/jackson-module-parameter-names/2.15.4/jackson-module-parameter-names-2.15.4.jar:/Users/prasannakumardeep/.m2/repository/org/springframework/boot/spring-boot-starter-tomcat/3.2.5/spring-boot-starter-tomcat-3.2.5.jar:/Users/prasannakumardeep/.m2/repository/org/apache/tomcat/embed/tomcat-embed-core/10.1.20/tomcat-embed-core-10.1.20.jar:/Users/prasannakumardeep/.m2/repository/org/apache/tomcat/embed/tomcat-embed-websocket/10.1.20/tomcat-embed-websocket-10.1.20.jar:/Users/prasannakumardeep/.m2/repository/org/springframework/spring-web/6.1.6/spring-web-6.1.6.jar:/Users/prasannakumardeep/.m2/repository/org/springframework/spring-webmvc/6.1.6/spring-webmvc-6.1.6.jar:/Users/prasannakumardeep/.m2/repository/org/springframework/boot/spring-boot-properties-migrator/3.2.5/spring-boot-properties-migrator-3.2.5.jar:/Users/prasannakumardeep/.m2/repository/org/springframework/boot/spring-boot/3.2.5/spring-boot-3.2.5.jar:/Users/prasannakumardeep/.m2/repository/org/springframework/boot/spring-boot-configuration-metadata/3.2.5/spring-boot-configuration-metadata-3.2.5.jar:/Users/prasannakumardeep/.m2/repository/com/h2database/h2/2.2.224/h2-2.2.224.jar:/Users/prasannakumardeep/.m2/repository/org/projectlombok/lombok/1.18.32/lombok-1.18.32.jar:/Users/prasannakumardeep/.m2/repository/com/google/guava/guava/30.1.1-jre/guava-30.1.1-jre.jar:/Users/prasannakumardeep/.m2/repository/com/google/guava/failureaccess/1.0.1/failureaccess-1.0.1.jar:/Users/prasannakumardeep/.m2/repository/com/google/guava/listenablefuture/9999.0-empty-to-avoid-conflict-with-guava/listenablefuture-9999.0-empty-to-avoid-conflict-with-guava.jar:/Users/prasannakumardeep/.m2/repository/com/google/errorprone/error_prone_annotations/2.5.1/error_prone_annotations-2.5.1.jar:/Users/prasannakumardeep/.m2/repository/com/google/j2objc/j2objc-annotations/1.3/j2objc-annotations-1.3.jar:"/>
    <property name="sun.cpu.endian" value="little"/>
    <property name="user.home" value="/Users/prasannakumardeep"/>
    <property name="user.language" value="en"/>
    <property name="java.specification.vendor" value="Oracle Corporation"/>
    <property name="java.version.date" value="2024-07-16"/>
    <property name="java.home" value="/Users/prasannakumardeep/Library/Java/JavaVirtualMachines/corretto-22.0.2/Contents/Home"/>
    <property name="file.separator" value="/"/>
    <property name="basedir" value="/Users/prasannakumardeep/IdeaProjects/MicroservicesSpringKafka/OrderService"/>
    <property name="java.vm.compressedOopsMode" value="Zero based"/>
    <property name="line.separator" value="&#10;"/>
    <property name="java.vm.specification.vendor" value="Oracle Corporation"/>
    <property name="java.specification.name" value="Java Platform API Specification"/>
    <property name="FILE_LOG_CHARSET" value="UTF-8"/>
    <property name="java.awt.headless" value="true"/>
    <property name="apple.awt.application.name" value="ForkedBooter"/>
    <property name="surefire.real.class.path" value="/Users/prasannakumardeep/IdeaProjects/MicroservicesSpringKafka/OrderService/target/surefire/surefirebooter-20241113171738168_6.jar"/>
    <property name="sun.management.compiler" value="HotSpot 64-Bit Tiered Compilers"/>
    <property name="ftp.nonProxyHosts" value="local|*.local|169.254/16|*.169.254/16"/>
    <property name="java.runtime.version" value="22.0.2+9-FR"/>
    <property name="user.name" value="prasannakumardeep"/>
    <property name="stdout.encoding" value="US-ASCII"/>
    <property name="path.separator" value=":"/>
    <property name="os.version" value="15.1"/>
    <property name="java.runtime.name" value="OpenJDK Runtime Environment"/>
    <property name="file.encoding" value="UTF-8"/>
    <property name="java.vm.name" value="OpenJDK 64-Bit Server VM"/>
    <property name="java.vendor.version" value="Corretto-22.0.2.9.1"/>
    <property name="localRepository" value="/Users/prasannakumardeep/.m2/repository"/>
    <property name="java.vendor.url.bug" value="https://github.com/corretto/corretto-22/issues/"/>
    <property name="java.io.tmpdir" value="/var/folders/rq/6gnlyn5s5vscdr31br_9jspm0000gn/T/"/>
    <property name="idea.version" value="2024.2.4"/>
    <property name="com.zaxxer.hikari.pool_number" value="1"/>
    <property name="java.version" value="22.0.2"/>
    <property name="user.dir" value="/Users/prasannakumardeep/IdeaProjects/MicroservicesSpringKafka/OrderService"/>
    <property name="os.arch" value="x86_64"/>
    <property name="java.vm.specification.name" value="Java Virtual Machine Specification"/>
    <property name="PID" value="9149"/>
    <property name="CONSOLE_LOG_CHARSET" value="UTF-8"/>
    <property name="native.encoding" value="US-ASCII"/>
    <property name="java.library.path" value="/Users/prasannakumardeep/Library/Java/Extensions:/Library/Java/Extensions:/Network/Library/Java/Extensions:/System/Library/Java/Extensions:/usr/lib/java:."/>
    <property name="java.vm.info" value="mixed mode, sharing"/>
    <property name="stderr.encoding" value="US-ASCII"/>
    <property name="java.vendor" value="Amazon.com Inc."/>
    <property name="java.vm.version" value="22.0.2+9-FR"/>
    <property name="sun.io.unicode.encoding" value="UnicodeBig"/>
    <property name="socksNonProxyHosts" value="local|*.local|169.254/16|*.169.254/16"/>
    <property name="java.class.version" value="66.0"/>
    <property name="LOGGED_APPLICATION_NAME" value="[order-service] "/>
  </properties>
  <testcase name="testCompleteOrderCommand" classname="com.prodify.cqrs.OrderService.command.aggregate.OrderAggregateTest" time="0.078">
    <system-out><![CDATA[&amp#27;[2m2024-11-13T17:17:48.193+05:30&amp#27;[0;39m &amp#27;[32m INFO&amp#27;[0;39m &amp#27;[35m9149&amp#27;[0;39m &amp#27;[2m---&amp#27;[0;39m &amp#27;[2m[order-service] [           main]&amp#27;[0;39m &amp#27;[2m&amp#27;[0;39m&amp#27;[36mc.p.c.O.c.api.aggregate.OrderAggregate  &amp#27;[0;39m &amp#27;[2m:&amp#27;[0;39m Handling CreateOrderCommand for Order Id:orderId123
&amp#27;[2m2024-11-13T17:17:48.195+05:30&amp#27;[0;39m &amp#27;[32m INFO&amp#27;[0;39m &amp#27;[35m9149&amp#27;[0;39m &amp#27;[2m---&amp#27;[0;39m &amp#27;[2m[order-service] [           main]&amp#27;[0;39m &amp#27;[2m&amp#27;[0;39m&amp#27;[36mc.p.c.O.c.api.aggregate.OrderAggregate  &amp#27;[0;39m &amp#27;[2m:&amp#27;[0;39m Applied OrderCreatedEvent for Order Id:orderId123
&amp#27;[2m2024-11-13T17:17:48.198+05:30&amp#27;[0;39m &amp#27;[32m INFO&amp#27;[0;39m &amp#27;[35m9149&amp#27;[0;39m &amp#27;[2m---&amp#27;[0;39m &amp#27;[2m[order-service] [           main]&amp#27;[0;39m &amp#27;[2m&amp#27;[0;39m&amp#27;[36mc.p.c.O.c.api.aggregate.OrderAggregate  &amp#27;[0;39m &amp#27;[2m:&amp#27;[0;39m Event sourcing OrderCreatedEvent for Order Id:orderId123
&amp#27;[2m2024-11-13T17:17:48.214+05:30&amp#27;[0;39m &amp#27;[32m INFO&amp#27;[0;39m &amp#27;[35m9149&amp#27;[0;39m &amp#27;[2m---&amp#27;[0;39m &amp#27;[2m[order-service] [           main]&amp#27;[0;39m &amp#27;[2m&amp#27;[0;39m&amp#27;[36mc.p.c.O.c.api.aggregate.OrderAggregate  &amp#27;[0;39m &amp#27;[2m:&amp#27;[0;39m Event sourcing OrderCreatedEvent for Order Id:orderId123
&amp#27;[2m2024-11-13T17:17:48.219+05:30&amp#27;[0;39m &amp#27;[32m INFO&amp#27;[0;39m &amp#27;[35m9149&amp#27;[0;39m &amp#27;[2m---&amp#27;[0;39m &amp#27;[2m[order-service] [           main]&amp#27;[0;39m &amp#27;[2m&amp#27;[0;39m&amp#27;[36mc.p.c.O.c.api.aggregate.OrderAggregate  &amp#27;[0;39m &amp#27;[2m:&amp#27;[0;39m Handling CompleteOrderCommand for Order Id:orderId123
&amp#27;[2m2024-11-13T17:17:48.220+05:30&amp#27;[0;39m &amp#27;[32m INFO&amp#27;[0;39m &amp#27;[35m9149&amp#27;[0;39m &amp#27;[2m---&amp#27;[0;39m &amp#27;[2m[order-service] [           main]&amp#27;[0;39m &amp#27;[2m&amp#27;[0;39m&amp#27;[36mc.p.c.O.c.api.aggregate.OrderAggregate  &amp#27;[0;39m &amp#27;[2m:&amp#27;[0;39m Event sourcing OrderCompletedEvent for Order Id:orderId123
&amp#27;[2m2024-11-13T17:17:48.220+05:30&amp#27;[0;39m &amp#27;[32m INFO&amp#27;[0;39m &amp#27;[35m9149&amp#27;[0;39m &amp#27;[2m---&amp#27;[0;39m &amp#27;[2m[order-service] [           main]&amp#27;[0;39m &amp#27;[2m&amp#27;[0;39m&amp#27;[36mc.p.c.O.c.api.aggregate.OrderAggregate  &amp#27;[0;39m &amp#27;[2m:&amp#27;[0;39m Event sourcing OrderCreatedEvent for Order Id:orderId123
&amp#27;[2m2024-11-13T17:17:48.220+05:30&amp#27;[0;39m &amp#27;[32m INFO&amp#27;[0;39m &amp#27;[35m9149&amp#27;[0;39m &amp#27;[2m---&amp#27;[0;39m &amp#27;[2m[order-service] [           main]&amp#27;[0;39m &amp#27;[2m&amp#27;[0;39m&amp#27;[36mc.p.c.O.c.api.aggregate.OrderAggregate  &amp#27;[0;39m &amp#27;[2m:&amp#27;[0;39m Event sourcing OrderCompletedEvent for Order Id:orderId123
]]></system-out>
  </testcase>
  <testcase name="testCreateOrderCommand" classname="com.prodify.cqrs.OrderService.command.aggregate.OrderAggregateTest" time="0.008">
    <system-out><![CDATA[&amp#27;[2m2024-11-13T17:17:48.234+05:30&amp#27;[0;39m &amp#27;[32m INFO&amp#27;[0;39m &amp#27;[35m9149&amp#27;[0;39m &amp#27;[2m---&amp#27;[0;39m &amp#27;[2m[order-service] [           main]&amp#27;[0;39m &amp#27;[2m&amp#27;[0;39m&amp#27;[36mc.p.c.O.c.api.aggregate.OrderAggregate  &amp#27;[0;39m &amp#27;[2m:&amp#27;[0;39m Handling CreateOrderCommand for Order Id:orderId123
&amp#27;[2m2024-11-13T17:17:48.234+05:30&amp#27;[0;39m &amp#27;[32m INFO&amp#27;[0;39m &amp#27;[35m9149&amp#27;[0;39m &amp#27;[2m---&amp#27;[0;39m &amp#27;[2m[order-service] [           main]&amp#27;[0;39m &amp#27;[2m&amp#27;[0;39m&amp#27;[36mc.p.c.O.c.api.aggregate.OrderAggregate  &amp#27;[0;39m &amp#27;[2m:&amp#27;[0;39m Applied OrderCreatedEvent for Order Id:orderId123
&amp#27;[2m2024-11-13T17:17:48.234+05:30&amp#27;[0;39m &amp#27;[32m INFO&amp#27;[0;39m &amp#27;[35m9149&amp#27;[0;39m &amp#27;[2m---&amp#27;[0;39m &amp#27;[2m[order-service] [           main]&amp#27;[0;39m &amp#27;[2m&amp#27;[0;39m&amp#27;[36mc.p.c.O.c.api.aggregate.OrderAggregate  &amp#27;[0;39m &amp#27;[2m:&amp#27;[0;39m Event sourcing OrderCreatedEvent for Order Id:orderId123
&amp#27;[2m2024-11-13T17:17:48.234+05:30&amp#27;[0;39m &amp#27;[32m INFO&amp#27;[0;39m &amp#27;[35m9149&amp#27;[0;39m &amp#27;[2m---&amp#27;[0;39m &amp#27;[2m[order-service] [           main]&amp#27;[0;39m &amp#27;[2m&amp#27;[0;39m&amp#27;[36mc.p.c.O.c.api.aggregate.OrderAggregate  &amp#27;[0;39m &amp#27;[2m:&amp#27;[0;39m Event sourcing OrderCreatedEvent for Order Id:orderId123
]]></system-out>
  </testcase>
</testsuite>